<?xml version="1.0" encoding="UTF-8"?>
<testng-results skipped="0" failed="0" ignored="0" total="3" passed="3">
  <reporter-output>
  </reporter-output>
  <suite name="Yauto" duration-ms="40983" started-at="2018-09-24T10:11:14Z" finished-at="2018-09-24T10:11:55Z">
    <groups>
    </groups>
    <test name="Test" duration-ms="40983" started-at="2018-09-24T10:11:14Z" finished-at="2018-09-24T10:11:55Z">
      <class name="first.Google">
        <test-method status="PASS" signature="m1()[pri:0, instance:first.Google@1143ee9]" name="m1" is-config="true" duration-ms="17435" started-at="2018-09-24T10:11:14Z" finished-at="2018-09-24T10:11:32Z">
          <reporter-output>
          </reporter-output>
        </test-method> <!-- m1 -->
        <test-method status="PASS" signature="m1()[pri:0, instance:first.Google2@136f0f5]" name="m1" is-config="true" duration-ms="13986" started-at="2018-09-24T10:11:32Z" finished-at="2018-09-24T10:11:46Z">
          <reporter-output>
          </reporter-output>
        </test-method> <!-- m1 -->
        <test-method status="PASS" signature="m2()[pri:0, instance:first.Google@1143ee9]" name="m2" duration-ms="4872" started-at="2018-09-24T10:11:48Z" finished-at="2018-09-24T10:11:53Z">
          <reporter-output>
          </reporter-output>
        </test-method> <!-- m2 -->
      </class> <!-- first.Google -->
      <class name="first.Google2">
        <test-method status="PASS" signature="m2()[pri:0, instance:first.Google2@136f0f5]" name="m2" duration-ms="1917" started-at="2018-09-24T10:11:53Z" finished-at="2018-09-24T10:11:55Z">
          <reporter-output>
          </reporter-output>
        </test-method> <!-- m2 -->
      </class> <!-- first.Google2 -->
      <class name="first.HelloWorld">
        <test-method status="PASS" signature="m1()[pri:0, instance:first.HelloWorld@15435c]" name="m1" duration-ms="0" started-at="2018-09-24T10:11:55Z" finished-at="2018-09-24T10:11:55Z">
          <reporter-output>
          </reporter-output>
        </test-method> <!-- m1 -->
      </class> <!-- first.HelloWorld -->
    </test> <!-- Test -->
  </suite> <!-- Yauto -->
</testng-results>
