<?xml version="1.0" encoding="UTF-8"?>
<testsuite xmlns:xsi="http://www.w3.org/2001/XMLSchema-instance" xsi:noNamespaceSchemaLocation="https://maven.apache.org/surefire/maven-surefire-plugin/xsd/surefire-test-report.xsd" name="TestSuite" time="41.767" tests="3" errors="0" skipped="0" failures="0">
  <properties>
[...]
</properties>
  <testcase name="m2" classname="first.Google" time="4.888"/>
  <testcase name="m2" classname="first.Google2" time="1.685"/>
  <testcase name="m1" classname="first.HelloWorld" time="0"/>
</testsuite>